Arguments: 
  C:\Program Files\nodejs\node.exe C:\Users\hach3\AppData\Roaming\npm\node_modules\yarn\bin\yarn.js init

PATH: 
  C:\Users\hach3\bin;C:\Program Files\Git\mingw64\bin;C:\Program Files\Git\usr\local\bin;C:\Program Files\Git\usr\bin;C:\Program Files\Git\usr\bin;C:\Program Files\Git\cmd;C:\Program Files\Git\usr\bin;C:\Program Files\ConEmu\ConEmu\Scripts;C:\Program Files\ConEmu;C:\Program Files\ConEmu\ConEmu;C:\Python27;C:\Python27\Scripts;C:\Program Files (x86)\Common Files\Oracle\Java\javapath;C:\Windows\system32;C:\Windows;C:\Windows\System32\Wbem;C:\Windows\System32\WindowsPowerShell\v1.0;C:\Windows\System32\OpenSSH;C:\Program Files\Git\cmd;C:\Gradle\gradle-7.2\bin;C:\ProgramData\chocolatey\bin;C:\Program Files\Go\bin;C:\wamp64\bin\php\php7.3.21;C:\ProgramData\ComposerSetup\bin;C:\Users\hach3\AppData\Roaming\nvm;C:\Program Files\nodejs;C:\Program Files\Geth;C:\Program Files\nodejs;C:\Program Files (x86)\NVIDIA Corporation\PhysX\Common;C:\Python27;C:\Python27\Scripts;C:\Program Files (x86)\Common Files\Oracle\Java\javapath;C:\Windows\system32;C:\Windows;C:\Windows\System32\Wbem;C:\Windows\System32\WindowsPowerShell\v1.0;C:\Windows\System32\OpenSSH;C:\Program Files\Git\cmd;C:\Gradle\gradle-7.2\bin;C:\ProgramData\chocolatey\bin;C:\Program Files\Go\bin;C:\wamp64\bin\php\php7.3.21;C:\ProgramData\ComposerSetup\bin;C:\Users\hach3\AppData\Roaming\nvm;C:\Program Files\nodejs;C:\Program Files\Geth;C:\Program Files\nodejs;C:\Program Files (x86)\NVIDIA Corporation\PhysX\Common;C:\Users\hach3\AppData\Local\Android\Sdk\tools;C:\Users\hach3\AppData\Local\Android\Sdk\platform-tools;C:\Users\hach3\AppData\Local\Programs\Microsoft VS Code\bin;C:\Users\hach3\go\bin;C:\Users\hach3\AppData\Roaming\Composer\vendor\bin;C:\Users\hach3\AppData\Roaming\nvm;C:\Program Files\nodejs;C:\Users\hach3\AppData\Roaming\npm;C:\Program Files\Git\usr\bin\vendor_perl;C:\Program Files\Git\usr\bin\core_perl

Yarn version: 
  1.22.17

Node version: 
  16.14.0

Platform: 
  win32 x64

Trace: 
  Error: Can't answer a question unless a user TTY
      at ConsoleReporter.question (C:\Users\hach3\AppData\Roaming\npm\node_modules\yarn\lib\cli.js:96935:59)
      at Object.<anonymous> (C:\Users\hach3\AppData\Roaming\npm\node_modules\yarn\lib\cli.js:89125:38)
      at Generator.next (<anonymous>)
      at step (C:\Users\hach3\AppData\Roaming\npm\node_modules\yarn\lib\cli.js:310:30)
      at C:\Users\hach3\AppData\Roaming\npm\node_modules\yarn\lib\cli.js:321:13
      at processTicksAndRejections (node:internal/process/task_queues:96:5)

npm manifest: 
  No manifest

yarn manifest: 
  No manifest

Lockfile: 
  No lockfile
